0 info it worked if it ends with ok
1 verbose cli [ '/usr/local/Cellar/node/6.9.1/bin/node',
1 verbose cli   '/usr/local/bin/npm',
1 verbose cli   'run',
1 verbose cli   'protractor',
1 verbose cli   'test/protractor.conf.js' ]
2 info using npm@3.10.8
3 info using node@v6.9.1
4 verbose run-script [ 'preprotractor', 'protractor', 'postprotractor' ]
5 info lifecycle angular_challenge@1.0.0~preprotractor: angular_challenge@1.0.0
6 silly lifecycle angular_challenge@1.0.0~preprotractor: no script for preprotractor, continuing
7 info lifecycle angular_challenge@1.0.0~protractor: angular_challenge@1.0.0
8 verbose lifecycle angular_challenge@1.0.0~protractor: unsafe-perm in lifecycle true
9 verbose lifecycle angular_challenge@1.0.0~protractor: PATH: /usr/local/lib/node_modules/npm/bin/node-gyp-bin:/Users/Tom/Projects/angular-challenge/node_modules/.bin:/usr/local/Cellar/node/6.9.1/bin:/Users/Tom/.rvm/gems/ruby-2.3.0/bin:/Users/Tom/.rvm/gems/ruby-2.3.0@global/bin:/Users/Tom/.rvm/rubies/ruby-2.3.0/bin:/usr/local/bin:/usr/bin:/bin:/usr/sbin:/sbin:/Users/Tom/.rvm/bin
10 verbose lifecycle angular_challenge@1.0.0~protractor: CWD: /Users/Tom/Projects/angular-challenge
11 silly lifecycle angular_challenge@1.0.0~protractor: Args: [ '-c',
11 silly lifecycle   './node_modules/protractor/bin/protractor "test/protractor.conf.js"' ]
12 silly lifecycle angular_challenge@1.0.0~protractor: Returned: code: 135  signal: null
13 info lifecycle angular_challenge@1.0.0~protractor: Failed to exec protractor script
14 verbose stack Error: angular_challenge@1.0.0 protractor: `./node_modules/protractor/bin/protractor "test/protractor.conf.js"`
14 verbose stack Exit status 135
14 verbose stack     at EventEmitter.<anonymous> (/usr/local/lib/node_modules/npm/lib/utils/lifecycle.js:255:16)
14 verbose stack     at emitTwo (events.js:106:13)
14 verbose stack     at EventEmitter.emit (events.js:191:7)
14 verbose stack     at ChildProcess.<anonymous> (/usr/local/lib/node_modules/npm/lib/utils/spawn.js:40:14)
14 verbose stack     at emitTwo (events.js:106:13)
14 verbose stack     at ChildProcess.emit (events.js:191:7)
14 verbose stack     at maybeClose (internal/child_process.js:877:16)
14 verbose stack     at Process.ChildProcess._handle.onexit (internal/child_process.js:226:5)
15 verbose pkgid angular_challenge@1.0.0
16 verbose cwd /Users/Tom/Projects/angular-challenge
17 error Darwin 14.5.0
18 error argv "/usr/local/Cellar/node/6.9.1/bin/node" "/usr/local/bin/npm" "run" "protractor" "test/protractor.conf.js"
19 error node v6.9.1
20 error npm  v3.10.8
21 error code ELIFECYCLE
22 error angular_challenge@1.0.0 protractor: `./node_modules/protractor/bin/protractor "test/protractor.conf.js"`
22 error Exit status 135
23 error Failed at the angular_challenge@1.0.0 protractor script './node_modules/protractor/bin/protractor "test/protractor.conf.js"'.
23 error Make sure you have the latest version of node.js and npm installed.
23 error If you do, this is most likely a problem with the angular_challenge package,
23 error not with npm itself.
23 error Tell the author that this fails on your system:
23 error     ./node_modules/protractor/bin/protractor "test/protractor.conf.js"
23 error You can get information on how to open an issue for this project with:
23 error     npm bugs angular_challenge
23 error Or if that isn't available, you can get their info via:
23 error     npm owner ls angular_challenge
23 error There is likely additional logging output above.
24 verbose exit [ 1, true ]
